<?xml version="1.0" encoding="UTF-8"?>
<!-- Generated by org.testng.reporters.JUnitXMLReporter -->
<testsuite hostname="satya-PC" ignored="0" name="Test3" tests="4" failures="4" timestamp="11 Mar 2017 11:10:00 GMT" time="10.258" errors="0">
  <testcase name="userStorey1" time="2.957" classname="Executer.Executer">
    <failure type="java.lang.NullPointerException">
      <![CDATA[java.lang.NullPointerException
	at Executer.Executer.userStorey1(Executer.java:34)
... Removed 25 stack frames]]>
    </failure>
  </testcase> <!-- userStorey1 -->
  <testcase name="userStorey2" time="2.263" classname="Executer.Executer">
    <failure type="java.lang.NullPointerException">
      <![CDATA[java.lang.NullPointerException
	at Executer.Executer.userStorey2(Executer.java:49)
... Removed 25 stack frames]]>
    </failure>
  </testcase> <!-- userStorey2 -->
  <testcase name="userStorey3" time="2.795" classname="Executer.Executer">
    <failure type="java.lang.NullPointerException">
      <![CDATA[java.lang.NullPointerException
	at Executer.Executer.userStorey3(Executer.java:64)
... Removed 25 stack frames]]>
    </failure>
  </testcase> <!-- userStorey3 -->
  <testcase name="userStorey4" time="2.23" classname="Executer.Executer">
    <failure type="java.lang.NullPointerException">
      <![CDATA[java.lang.NullPointerException
	at Executer.Executer.userStorey4(Executer.java:80)
... Removed 25 stack frames]]>
    </failure>
  </testcase> <!-- userStorey4 -->
</testsuite> <!-- Test3 -->
