<?xml version="1.0" encoding="UTF-8"?>
<!-- Generated by org.testng.reporters.JUnitXMLReporter -->
<testsuite hostname="satya-PC" ignored="0" name="userStorey2" tests="4" failures="4" timestamp="11 Mar 2017 11:27:10 GMT" time="31.258" errors="0">
  <testcase name="userStorey1" time="3.361" classname="Executer.Executer">
    <failure type="java.lang.NullPointerException">
      <![CDATA[java.lang.NullPointerException
	at Executer.Executer.userStorey1(Executer.java:36)
... Removed 25 stack frames]]>
    </failure>
  </testcase> <!-- userStorey1 -->
  <testcase name="userStorey2" time="14.081" classname="Executer.Executer">
    <failure type="java.lang.NullPointerException">
      <![CDATA[java.lang.NullPointerException
	at Executer.Executer.userStorey2(Executer.java:51)
... Removed 25 stack frames]]>
    </failure>
  </testcase> <!-- userStorey2 -->
  <testcase name="userStorey3" time="10.334" classname="Executer.Executer">
    <failure type="java.lang.NullPointerException">
      <![CDATA[java.lang.NullPointerException
	at Executer.Executer.userStorey3(Executer.java:66)
... Removed 25 stack frames]]>
    </failure>
  </testcase> <!-- userStorey3 -->
  <testcase name="userStorey4" time="3.451" classname="Executer.Executer">
    <failure type="java.lang.NullPointerException">
      <![CDATA[java.lang.NullPointerException
	at Executer.Executer.userStorey4(Executer.java:82)
... Removed 25 stack frames]]>
    </failure>
  </testcase> <!-- userStorey4 -->
</testsuite> <!-- userStorey2 -->
